22:03:43:685  INFO 19372 --- [main] com.hmall.pay.PayApplication             : Starting PayApplication using Java 22.0.2 on ChengZi with PID 19372 (E:\SpringCloud\hmall\pay-service\target\classes started by 橙子 in E:\SpringCloud\hmall)
22:03:43:690 DEBUG 19372 --- [main] com.hmall.pay.PayApplication             : Running with Spring Boot v2.7.12, Spring v5.3.27
22:03:43:690  INFO 19372 --- [main] com.hmall.pay.PayApplication             : The following 1 profile is active: "local"
22:03:44:539  INFO 19372 --- [main] .s.d.r.c.RepositoryConfigurationDelegate : Multiple Spring Data modules found, entering strict repository configuration mode
22:03:44:541  INFO 19372 --- [main] .s.d.r.c.RepositoryConfigurationDelegate : Bootstrapping Spring Data Redis repositories in DEFAULT mode.
22:03:44:561  INFO 19372 --- [main] .s.d.r.c.RepositoryConfigurationDelegate : Finished Spring Data repository scanning in 5 ms. Found 0 Redis repository interfaces.
22:03:44:757  INFO 19372 --- [main] o.s.cloud.context.scope.GenericScope     : BeanFactory id=b88b6d48-0429-3a2c-b0e5-6fd137b854b3
22:03:45:194  INFO 19372 --- [main] o.s.b.w.embedded.tomcat.TomcatWebServer  : Tomcat initialized with port(s): 8083 (http)
22:03:45:195  INFO 19372 --- [main] o.a.catalina.core.AprLifecycleListener   : Loaded Apache Tomcat Native library [1.2.35] using APR version [1.7.0].
22:03:45:196  INFO 19372 --- [main] o.a.catalina.core.AprLifecycleListener   : APR capabilities: IPv6 [true], sendfile [true], accept filters [false], random [true], UDS [true].
22:03:45:196  INFO 19372 --- [main] o.a.catalina.core.AprLifecycleListener   : APR/OpenSSL configuration: useAprConnector [false], useOpenSSL [true]
22:03:45:198  INFO 19372 --- [main] o.a.catalina.core.AprLifecycleListener   : OpenSSL successfully initialized [OpenSSL 1.1.1q  5 Jul 2022]
22:03:45:207  INFO 19372 --- [main] o.apache.catalina.core.StandardService   : Starting service [Tomcat]
22:03:45:207  INFO 19372 --- [main] org.apache.catalina.core.StandardEngine  : Starting Servlet engine: [Apache Tomcat/9.0.75]
22:03:45:334  INFO 19372 --- [main] o.a.c.c.C.[Tomcat].[localhost].[/]       : Initializing Spring embedded WebApplicationContext
22:03:45:335  INFO 19372 --- [main] w.s.c.ServletWebServerApplicationContext : Root WebApplicationContext: initialization completed in 1590 ms
22:03:45:522  INFO 19372 --- [main] o.s.c.openfeign.FeignClientFactoryBean   : For 'user-service' URL not provided. Will try picking an instance via load-balancing.
22:03:45:563  INFO 19372 --- [main] o.s.c.openfeign.FeignClientFactoryBean   : For 'order-service' URL not provided. Will try picking an instance via load-balancing.
22:03:46:244  INFO 19372 --- [main] pertySourcedRequestMappingHandlerMapping : Mapped URL path [/v2/api-docs] onto method [springfox.documentation.swagger2.web.Swagger2ControllerWebMvc#getDocumentation(String, HttpServletRequest)]
22:03:46:740  INFO 19372 --- [main] com.alibaba.nacos.common.remote.client   : [RpcClientFactory] create a new rpc client of 3961acd5-2d37-4694-b5c5-aaefd06c33ce
22:03:46:798  INFO 19372 --- [main] org.reflections.Reflections              : Reflections took 24 ms to scan 1 urls, producing 3 keys and 6 values 
22:03:46:818  INFO 19372 --- [main] org.reflections.Reflections              : Reflections took 7 ms to scan 1 urls, producing 4 keys and 9 values 
22:03:46:826  INFO 19372 --- [main] org.reflections.Reflections              : Reflections took 6 ms to scan 1 urls, producing 3 keys and 10 values 
22:03:46:827  WARN 19372 --- [main] org.reflections.Reflections              : given scan urls are empty. set urls in the configuration
22:03:46:832  INFO 19372 --- [main] org.reflections.Reflections              : Reflections took 5 ms to scan 1 urls, producing 1 keys and 5 values 
22:03:46:840  INFO 19372 --- [main] org.reflections.Reflections              : Reflections took 7 ms to scan 1 urls, producing 1 keys and 7 values 
22:03:46:847  INFO 19372 --- [main] org.reflections.Reflections              : Reflections took 5 ms to scan 1 urls, producing 2 keys and 8 values 
22:03:46:848  WARN 19372 --- [main] org.reflections.Reflections              : given scan urls are empty. set urls in the configuration
22:03:46:849  INFO 19372 --- [main] com.alibaba.nacos.common.remote.client   : [3961acd5-2d37-4694-b5c5-aaefd06c33ce] RpcClient init label, labels = {module=naming, source=sdk}
22:03:46:850  INFO 19372 --- [main] com.alibaba.nacos.common.remote.client   : [3961acd5-2d37-4694-b5c5-aaefd06c33ce] RpcClient init, ServerListFactory = com.alibaba.nacos.client.naming.core.ServerListManager
22:03:46:850  INFO 19372 --- [main] com.alibaba.nacos.common.remote.client   : [3961acd5-2d37-4694-b5c5-aaefd06c33ce] Registry connection listener to current client:com.alibaba.nacos.client.naming.remote.gprc.redo.NamingGrpcRedoService
22:03:46:851  INFO 19372 --- [main] com.alibaba.nacos.common.remote.client   : [3961acd5-2d37-4694-b5c5-aaefd06c33ce] Register server push request handler:com.alibaba.nacos.client.naming.remote.gprc.NamingPushRequestHandler
22:03:46:853  INFO 19372 --- [main] com.alibaba.nacos.common.remote.client   : [3961acd5-2d37-4694-b5c5-aaefd06c33ce] Try to connect to server on start up, server: {serverIp = 'localhost', server main port = 8848}
22:03:47:673  INFO 19372 --- [main] com.alibaba.nacos.common.remote.client   : [3961acd5-2d37-4694-b5c5-aaefd06c33ce] Success to connect to server [localhost:8848] on start up, connectionId = 1739628227437_127.0.0.1_49211
22:03:47:674  INFO 19372 --- [com.alibaba.nacos.client.remote.worker] com.alibaba.nacos.common.remote.client   : [3961acd5-2d37-4694-b5c5-aaefd06c33ce] Notify connected event to listeners.
22:03:47:675  INFO 19372 --- [main] com.alibaba.nacos.common.remote.client   : [3961acd5-2d37-4694-b5c5-aaefd06c33ce] Register server push request handler:com.alibaba.nacos.common.remote.client.RpcClient$ConnectResetRequestHandler
22:03:47:675  INFO 19372 --- [main] com.alibaba.nacos.common.remote.client   : [3961acd5-2d37-4694-b5c5-aaefd06c33ce] Register server push request handler:com.alibaba.nacos.common.remote.client.RpcClient$$Lambda/0x000001ff018bd910
22:03:47:741  INFO 19372 --- [main] o.s.b.w.embedded.tomcat.TomcatWebServer  : Tomcat started on port(s): 8083 (http) with context path ''
22:03:47:749  INFO 19372 --- [main] c.a.c.n.registry.NacosServiceRegistry    : nacos registry, DEFAULT_GROUP order-service 192.168.153.1:8083 register finished
22:03:48:188  INFO 19372 --- [main] d.s.w.p.DocumentationPluginsBootstrapper : Documentation plugins bootstrapped
22:03:48:191  INFO 19372 --- [main] d.s.w.p.DocumentationPluginsBootstrapper : Found 1 custom documentation plugin(s)
22:03:48:205  INFO 19372 --- [main] s.d.s.w.s.ApiListingReferenceScanner     : Scanning for api listing references
22:03:48:214  INFO 19372 --- [main] com.hmall.pay.PayApplication             : Started PayApplication in 5.202 seconds (JVM running for 6.192)
22:03:48:259  INFO 19372 --- [nacos-grpc-client-executor-8] com.alibaba.nacos.common.remote.client   : [3961acd5-2d37-4694-b5c5-aaefd06c33ce] Receive server push request, request = NotifySubscriberRequest, requestId = 10
22:03:48:273  INFO 19372 --- [nacos-grpc-client-executor-8] com.alibaba.nacos.common.remote.client   : [3961acd5-2d37-4694-b5c5-aaefd06c33ce] Ack server push request, request = NotifySubscriberRequest, requestId = 10
22:04:05:774  WARN 19372 --- [Thread-7] c.a.n.common.http.HttpClientBeanHolder   : [HttpClientBeanHolder] Start destroying common HttpClient
22:04:05:774  WARN 19372 --- [Thread-4] c.a.nacos.common.notify.NotifyCenter     : [NotifyCenter] Start destroying Publisher
22:04:05:774  WARN 19372 --- [Thread-4] c.a.nacos.common.notify.NotifyCenter     : [NotifyCenter] Destruction of the end
22:04:05:775  WARN 19372 --- [Thread-7] c.a.n.common.http.HttpClientBeanHolder   : [HttpClientBeanHolder] Destruction of the end
22:04:05:812  INFO 19372 --- [SpringApplicationShutdownHook] c.a.c.n.registry.NacosServiceRegistry    : De-registering from Nacos Server now...
22:04:05:816  INFO 19372 --- [SpringApplicationShutdownHook] c.a.c.n.registry.NacosServiceRegistry    : De-registration finished.
22:04:06:154  INFO 19372 --- [SpringApplicationShutdownHook] com.alibaba.nacos.common.remote.client   : Shutdown rpc client, set status to shutdown
22:04:06:154  INFO 19372 --- [SpringApplicationShutdownHook] com.alibaba.nacos.common.remote.client   : Shutdown client event executor java.util.concurrent.ScheduledThreadPoolExecutor@73fe7483[Running, pool size = 2, active threads = 2, queued tasks = 0, completed tasks = 0]
22:04:06:154  INFO 19372 --- [SpringApplicationShutdownHook] com.alibaba.nacos.common.remote.client   : Close current connection 1739628227437_127.0.0.1_49211
22:04:06:155  INFO 19372 --- [nacos-grpc-client-executor-15] c.a.n.c.remote.client.grpc.GrpcClient    : [1739628227437_127.0.0.1_49211]Ignore complete event,isRunning:false,isAbandon=false
22:04:06:155  INFO 19372 --- [SpringApplicationShutdownHook] c.a.n.c.remote.client.grpc.GrpcClient    : Shutdown grpc executor java.util.concurrent.ThreadPoolExecutor@5b71af0d[Running, pool size = 6, active threads = 0, queued tasks = 0, completed tasks = 16]
