18:27:00:897  INFO 7056 --- [main] com.hmall.item.ItemApplication           : Starting ItemApplication using Java 22.0.2 on ChengZi with PID 7056 (E:\SpringCloud\hmall\item-service\target\classes started by 橙子 in E:\SpringCloud\hmall)
18:27:00:901 DEBUG 7056 --- [main] com.hmall.item.ItemApplication           : Running with Spring Boot v2.7.12, Spring v5.3.27
18:27:00:901  INFO 7056 --- [main] com.hmall.item.ItemApplication           : The following 1 profile is active: "local"
18:27:01:723  INFO 7056 --- [main] .s.d.r.c.RepositoryConfigurationDelegate : Multiple Spring Data modules found, entering strict repository configuration mode
18:27:01:726  INFO 7056 --- [main] .s.d.r.c.RepositoryConfigurationDelegate : Bootstrapping Spring Data Redis repositories in DEFAULT mode.
18:27:01:747  INFO 7056 --- [main] .s.d.r.c.RepositoryConfigurationDelegate : Finished Spring Data repository scanning in 6 ms. Found 0 Redis repository interfaces.
18:27:01:908  INFO 7056 --- [main] o.s.cloud.context.scope.GenericScope     : BeanFactory id=0a8fdbea-8f68-3b16-a97d-e738db71b54b
18:27:02:259  INFO 7056 --- [main] o.s.b.w.embedded.tomcat.TomcatWebServer  : Tomcat initialized with port(s): 8081 (http)
18:27:02:260  INFO 7056 --- [main] o.a.catalina.core.AprLifecycleListener   : Loaded Apache Tomcat Native library [1.2.35] using APR version [1.7.0].
18:27:02:260  INFO 7056 --- [main] o.a.catalina.core.AprLifecycleListener   : APR capabilities: IPv6 [true], sendfile [true], accept filters [false], random [true], UDS [true].
18:27:02:260  INFO 7056 --- [main] o.a.catalina.core.AprLifecycleListener   : APR/OpenSSL configuration: useAprConnector [false], useOpenSSL [true]
18:27:02:262  INFO 7056 --- [main] o.a.catalina.core.AprLifecycleListener   : OpenSSL successfully initialized [OpenSSL 1.1.1q  5 Jul 2022]
18:27:02:270  INFO 7056 --- [main] o.apache.catalina.core.StandardService   : Starting service [Tomcat]
18:27:02:272  INFO 7056 --- [main] org.apache.catalina.core.StandardEngine  : Starting Servlet engine: [Apache Tomcat/9.0.75]
18:27:02:388  INFO 7056 --- [main] o.a.c.c.C.[Tomcat].[localhost].[/]       : Initializing Spring embedded WebApplicationContext
18:27:02:388  INFO 7056 --- [main] w.s.c.ServletWebServerApplicationContext : Root WebApplicationContext: initialization completed in 1443 ms
18:27:03:172  INFO 7056 --- [main] pertySourcedRequestMappingHandlerMapping : Mapped URL path [/v2/api-docs] onto method [springfox.documentation.swagger2.web.Swagger2ControllerWebMvc#getDocumentation(String, HttpServletRequest)]
18:27:03:574  INFO 7056 --- [main] com.alibaba.nacos.common.remote.client   : [RpcClientFactory] create a new rpc client of 382ffbf9-c1bb-4b28-9569-17d32ed84cf1
18:27:03:620  INFO 7056 --- [main] org.reflections.Reflections              : Reflections took 23 ms to scan 1 urls, producing 3 keys and 6 values 
18:27:03:640  INFO 7056 --- [main] org.reflections.Reflections              : Reflections took 8 ms to scan 1 urls, producing 4 keys and 9 values 
18:27:03:648  INFO 7056 --- [main] org.reflections.Reflections              : Reflections took 5 ms to scan 1 urls, producing 3 keys and 10 values 
18:27:03:650  WARN 7056 --- [main] org.reflections.Reflections              : given scan urls are empty. set urls in the configuration
18:27:03:656  INFO 7056 --- [main] org.reflections.Reflections              : Reflections took 5 ms to scan 1 urls, producing 1 keys and 5 values 
18:27:03:667  INFO 7056 --- [main] org.reflections.Reflections              : Reflections took 9 ms to scan 1 urls, producing 1 keys and 7 values 
18:27:03:675  INFO 7056 --- [main] org.reflections.Reflections              : Reflections took 5 ms to scan 1 urls, producing 2 keys and 8 values 
18:27:03:677  WARN 7056 --- [main] org.reflections.Reflections              : given scan urls are empty. set urls in the configuration
18:27:03:677  INFO 7056 --- [main] com.alibaba.nacos.common.remote.client   : [382ffbf9-c1bb-4b28-9569-17d32ed84cf1] RpcClient init label, labels = {module=naming, source=sdk}
18:27:03:678  INFO 7056 --- [main] com.alibaba.nacos.common.remote.client   : [382ffbf9-c1bb-4b28-9569-17d32ed84cf1] RpcClient init, ServerListFactory = com.alibaba.nacos.client.naming.core.ServerListManager
18:27:03:679  INFO 7056 --- [main] com.alibaba.nacos.common.remote.client   : [382ffbf9-c1bb-4b28-9569-17d32ed84cf1] Registry connection listener to current client:com.alibaba.nacos.client.naming.remote.gprc.redo.NamingGrpcRedoService
18:27:03:679  INFO 7056 --- [main] com.alibaba.nacos.common.remote.client   : [382ffbf9-c1bb-4b28-9569-17d32ed84cf1] Register server push request handler:com.alibaba.nacos.client.naming.remote.gprc.NamingPushRequestHandler
18:27:03:681  INFO 7056 --- [main] com.alibaba.nacos.common.remote.client   : [382ffbf9-c1bb-4b28-9569-17d32ed84cf1] Try to connect to server on start up, server: {serverIp = 'localhost', server main port = 8848}
18:27:04:252  INFO 7056 --- [main] com.alibaba.nacos.common.remote.client   : [382ffbf9-c1bb-4b28-9569-17d32ed84cf1] Success to connect to server [localhost:8848] on start up, connectionId = 1739528824070_127.0.0.1_62744
18:27:04:252  INFO 7056 --- [com.alibaba.nacos.client.remote.worker] com.alibaba.nacos.common.remote.client   : [382ffbf9-c1bb-4b28-9569-17d32ed84cf1] Notify connected event to listeners.
18:27:04:253  INFO 7056 --- [main] com.alibaba.nacos.common.remote.client   : [382ffbf9-c1bb-4b28-9569-17d32ed84cf1] Register server push request handler:com.alibaba.nacos.common.remote.client.RpcClient$ConnectResetRequestHandler
18:27:04:253  INFO 7056 --- [main] com.alibaba.nacos.common.remote.client   : [382ffbf9-c1bb-4b28-9569-17d32ed84cf1] Register server push request handler:com.alibaba.nacos.common.remote.client.RpcClient$$Lambda/0x000001d74f8642a8
18:27:04:313  INFO 7056 --- [main] o.s.b.w.embedded.tomcat.TomcatWebServer  : Tomcat started on port(s): 8081 (http) with context path ''
18:27:04:325  INFO 7056 --- [main] c.a.c.n.registry.NacosServiceRegistry    : nacos registry, DEFAULT_GROUP item-service 192.168.153.1:8081 register finished
18:27:04:330  INFO 7056 --- [main] d.s.w.p.DocumentationPluginsBootstrapper : Documentation plugins bootstrapped
18:27:04:332  INFO 7056 --- [main] d.s.w.p.DocumentationPluginsBootstrapper : Found 1 custom documentation plugin(s)
18:27:04:352  INFO 7056 --- [main] s.d.s.w.s.ApiListingReferenceScanner     : Scanning for api listing references
18:27:04:451  INFO 7056 --- [main] com.hmall.item.ItemApplication           : Started ItemApplication in 3.997 seconds (JVM running for 4.693)
18:27:04:853  INFO 7056 --- [nacos-grpc-client-executor-8] com.alibaba.nacos.common.remote.client   : [382ffbf9-c1bb-4b28-9569-17d32ed84cf1] Receive server push request, request = NotifySubscriberRequest, requestId = 6
18:27:04:867  INFO 7056 --- [nacos-grpc-client-executor-8] com.alibaba.nacos.common.remote.client   : [382ffbf9-c1bb-4b28-9569-17d32ed84cf1] Ack server push request, request = NotifySubscriberRequest, requestId = 6
18:27:12:216  INFO 7056 --- [http-nio-8081-exec-1] o.a.c.c.C.[Tomcat].[localhost].[/]       : Initializing Spring DispatcherServlet 'dispatcherServlet'
18:27:12:216  INFO 7056 --- [http-nio-8081-exec-1] o.s.web.servlet.DispatcherServlet        : Initializing Servlet 'dispatcherServlet'
18:27:12:217  INFO 7056 --- [http-nio-8081-exec-1] o.s.web.servlet.DispatcherServlet        : Completed initialization in 1 ms
18:27:12:281  WARN 7056 --- [http-nio-8081-exec-1] .w.s.m.s.DefaultHandlerExceptionResolver : Resolved [org.springframework.web.method.annotation.MethodArgumentTypeMismatchException: Failed to convert value of type 'java.lang.String' to required type 'java.lang.Long'; nested exception is java.lang.NumberFormatException: For input string: "list"]
18:27:23:265  WARN 7056 --- [http-nio-8081-exec-2] .w.s.m.s.DefaultHandlerExceptionResolver : Resolved [org.springframework.web.method.annotation.MethodArgumentTypeMismatchException: Failed to convert value of type 'java.lang.String' to required type 'java.lang.Long'; nested exception is java.lang.NumberFormatException: For input string: "list"]
18:27:31:645  INFO 7056 --- [http-nio-8081-exec-5] com.zaxxer.hikari.HikariDataSource       : HikariPool-1 - Starting...
18:27:32:430  INFO 7056 --- [http-nio-8081-exec-5] com.zaxxer.hikari.HikariDataSource       : HikariPool-1 - Start completed.
18:27:32:436 DEBUG 7056 --- [http-nio-8081-exec-5] c.h.i.m.ItemMapper.selectPage_mpCount    : ==>  Preparing: SELECT COUNT(*) AS total FROM item
18:27:32:454 DEBUG 7056 --- [http-nio-8081-exec-5] c.h.i.m.ItemMapper.selectPage_mpCount    : ==> Parameters: 
18:27:32:526 DEBUG 7056 --- [http-nio-8081-exec-5] c.h.i.m.ItemMapper.selectPage_mpCount    : <==      Total: 1
18:27:32:535 DEBUG 7056 --- [http-nio-8081-exec-5] c.h.item.mapper.ItemMapper.selectPage    : ==>  Preparing: SELECT id, name, price, stock, image, category, brand, spec, sold, comment_count, isAD, status, create_time, update_time, creater, updater FROM item ORDER BY update_time DESC LIMIT ?
18:27:32:536 DEBUG 7056 --- [http-nio-8081-exec-5] c.h.item.mapper.ItemMapper.selectPage    : ==> Parameters: 20(Long)
18:27:32:667 DEBUG 7056 --- [http-nio-8081-exec-5] c.h.item.mapper.ItemMapper.selectPage    : <==      Total: 20
18:27:33:858  WARN 7056 --- [http-nio-8081-exec-6] c.b.m.c.t.support.ReflectLambdaMeta      : Unable to make field private final java.lang.Class java.lang.invoke.SerializedLambda.capturingClass accessible: module java.base does not "opens java.lang.invoke" to unnamed module @371a67ec
18:27:33:895 DEBUG 7056 --- [http-nio-8081-exec-6] c.h.i.m.ItemMapper.selectPage_mpCount    : ==>  Preparing: SELECT COUNT(*) AS total FROM item WHERE (status = ?)
18:27:33:897 DEBUG 7056 --- [http-nio-8081-exec-6] c.h.i.m.ItemMapper.selectPage_mpCount    : ==> Parameters: 1(Integer)
18:27:33:948 DEBUG 7056 --- [http-nio-8081-exec-6] c.h.i.m.ItemMapper.selectPage_mpCount    : <==      Total: 1
18:27:33:951 DEBUG 7056 --- [http-nio-8081-exec-6] c.h.item.mapper.ItemMapper.selectPage    : ==>  Preparing: SELECT id, name, price, stock, image, category, brand, spec, sold, comment_count, isAD, status, create_time, update_time, creater, updater FROM item WHERE (status = ?) ORDER BY update_time DESC LIMIT ?
18:27:33:952 DEBUG 7056 --- [http-nio-8081-exec-6] c.h.item.mapper.ItemMapper.selectPage    : ==> Parameters: 1(Integer), 20(Long)
18:27:34:151 DEBUG 7056 --- [http-nio-8081-exec-6] c.h.item.mapper.ItemMapper.selectPage    : <==      Total: 20
18:27:41:905 DEBUG 7056 --- [http-nio-8081-exec-7] c.h.i.m.ItemMapper.selectPage_mpCount    : ==>  Preparing: SELECT COUNT(*) AS total FROM item WHERE (status = ?)
18:27:41:906 DEBUG 7056 --- [http-nio-8081-exec-7] c.h.i.m.ItemMapper.selectPage_mpCount    : ==> Parameters: 1(Integer)
18:27:41:956 DEBUG 7056 --- [http-nio-8081-exec-7] c.h.i.m.ItemMapper.selectPage_mpCount    : <==      Total: 1
18:27:41:959 DEBUG 7056 --- [http-nio-8081-exec-7] c.h.item.mapper.ItemMapper.selectPage    : ==>  Preparing: SELECT id, name, price, stock, image, category, brand, spec, sold, comment_count, isAD, status, create_time, update_time, creater, updater FROM item WHERE (status = ?) ORDER BY update_time DESC LIMIT ?
18:27:41:959 DEBUG 7056 --- [http-nio-8081-exec-7] c.h.item.mapper.ItemMapper.selectPage    : ==> Parameters: 1(Integer), 20(Long)
18:27:42:157 DEBUG 7056 --- [http-nio-8081-exec-7] c.h.item.mapper.ItemMapper.selectPage    : <==      Total: 20
18:27:50:810 DEBUG 7056 --- [http-nio-8081-exec-9] c.h.i.mapper.ItemMapper.selectBatchIds   : ==>  Preparing: SELECT id,name,price,stock,image,category,brand,spec,sold,comment_count,isAD,status,create_time,update_time,creater,updater FROM item WHERE id IN ( ? )
18:27:50:810 DEBUG 7056 --- [http-nio-8081-exec-9] c.h.i.mapper.ItemMapper.selectBatchIds   : ==> Parameters: 100000006163(Long)
18:27:50:836 DEBUG 7056 --- [http-nio-8081-exec-9] c.h.i.mapper.ItemMapper.selectBatchIds   : <==      Total: 1
18:31:56:793  WARN 7056 --- [Thread-4] c.a.nacos.common.notify.NotifyCenter     : [NotifyCenter] Start destroying Publisher
18:31:56:793  WARN 7056 --- [Thread-7] c.a.n.common.http.HttpClientBeanHolder   : [HttpClientBeanHolder] Start destroying common HttpClient
18:31:56:793  WARN 7056 --- [Thread-4] c.a.nacos.common.notify.NotifyCenter     : [NotifyCenter] Destruction of the end
18:31:56:793  WARN 7056 --- [Thread-7] c.a.n.common.http.HttpClientBeanHolder   : [HttpClientBeanHolder] Destruction of the end
18:31:56:835  INFO 7056 --- [SpringApplicationShutdownHook] c.a.c.n.registry.NacosServiceRegistry    : De-registering from Nacos Server now...
18:31:56:840  INFO 7056 --- [SpringApplicationShutdownHook] c.a.c.n.registry.NacosServiceRegistry    : De-registration finished.
18:31:57:162  INFO 7056 --- [SpringApplicationShutdownHook] com.alibaba.nacos.common.remote.client   : Shutdown rpc client, set status to shutdown
18:31:57:162  INFO 7056 --- [SpringApplicationShutdownHook] com.alibaba.nacos.common.remote.client   : Shutdown client event executor java.util.concurrent.ScheduledThreadPoolExecutor@47772462[Running, pool size = 2, active threads = 2, queued tasks = 0, completed tasks = 0]
18:31:57:162  INFO 7056 --- [SpringApplicationShutdownHook] com.alibaba.nacos.common.remote.client   : Close current connection 1739528824070_127.0.0.1_62744
18:31:57:164  INFO 7056 --- [nacos-grpc-client-executor-76] c.a.n.c.remote.client.grpc.GrpcClient    : [1739528824070_127.0.0.1_62744]Ignore complete event,isRunning:false,isAbandon=false
18:31:57:167  INFO 7056 --- [SpringApplicationShutdownHook] c.a.n.c.remote.client.grpc.GrpcClient    : Shutdown grpc executor java.util.concurrent.ThreadPoolExecutor@3c17794e[Running, pool size = 6, active threads = 0, queued tasks = 0, completed tasks = 77]
18:31:57:171  INFO 7056 --- [SpringApplicationShutdownHook] com.zaxxer.hikari.HikariDataSource       : HikariPool-1 - Shutdown initiated...
18:32:07:177  INFO 7056 --- [SpringApplicationShutdownHook] com.zaxxer.hikari.HikariDataSource       : HikariPool-1 - Shutdown completed.
18:47:21:849  INFO 8712 --- [main] com.hmall.item.ItemApplication           : Starting ItemApplication using Java 22.0.2 on ChengZi with PID 8712 (E:\SpringCloud\hmall\item-service\target\classes started by 橙子 in E:\SpringCloud\hmall)
18:47:21:852 DEBUG 8712 --- [main] com.hmall.item.ItemApplication           : Running with Spring Boot v2.7.12, Spring v5.3.27
18:47:21:852  INFO 8712 --- [main] com.hmall.item.ItemApplication           : The following 1 profile is active: "local"
18:47:22:667  INFO 8712 --- [main] .s.d.r.c.RepositoryConfigurationDelegate : Multiple Spring Data modules found, entering strict repository configuration mode
18:47:22:670  INFO 8712 --- [main] .s.d.r.c.RepositoryConfigurationDelegate : Bootstrapping Spring Data Redis repositories in DEFAULT mode.
18:47:22:693  INFO 8712 --- [main] .s.d.r.c.RepositoryConfigurationDelegate : Finished Spring Data repository scanning in 9 ms. Found 0 Redis repository interfaces.
18:47:23:064  INFO 8712 --- [main] o.s.cloud.context.scope.GenericScope     : BeanFactory id=0a8fdbea-8f68-3b16-a97d-e738db71b54b
18:47:23:675  INFO 8712 --- [main] o.s.b.w.embedded.tomcat.TomcatWebServer  : Tomcat initialized with port(s): 8081 (http)
18:47:23:676  INFO 8712 --- [main] o.a.catalina.core.AprLifecycleListener   : Loaded Apache Tomcat Native library [1.2.35] using APR version [1.7.0].
18:47:23:677  INFO 8712 --- [main] o.a.catalina.core.AprLifecycleListener   : APR capabilities: IPv6 [true], sendfile [true], accept filters [false], random [true], UDS [true].
18:47:23:677  INFO 8712 --- [main] o.a.catalina.core.AprLifecycleListener   : APR/OpenSSL configuration: useAprConnector [false], useOpenSSL [true]
18:47:23:680  INFO 8712 --- [main] o.a.catalina.core.AprLifecycleListener   : OpenSSL successfully initialized [OpenSSL 1.1.1q  5 Jul 2022]
18:47:23:693  INFO 8712 --- [main] o.apache.catalina.core.StandardService   : Starting service [Tomcat]
18:47:23:693  INFO 8712 --- [main] org.apache.catalina.core.StandardEngine  : Starting Servlet engine: [Apache Tomcat/9.0.75]
18:47:23:854  INFO 8712 --- [main] o.a.c.c.C.[Tomcat].[localhost].[/]       : Initializing Spring embedded WebApplicationContext
18:47:23:854  INFO 8712 --- [main] w.s.c.ServletWebServerApplicationContext : Root WebApplicationContext: initialization completed in 1966 ms
18:47:24:922  INFO 8712 --- [main] pertySourcedRequestMappingHandlerMapping : Mapped URL path [/v2/api-docs] onto method [springfox.documentation.swagger2.web.Swagger2ControllerWebMvc#getDocumentation(String, HttpServletRequest)]
18:47:25:480  INFO 8712 --- [main] com.alibaba.nacos.common.remote.client   : [RpcClientFactory] create a new rpc client of 3ff03a52-f8bb-4ab6-93b7-794378c9204d
18:47:25:539  INFO 8712 --- [main] org.reflections.Reflections              : Reflections took 29 ms to scan 1 urls, producing 3 keys and 6 values 
18:47:25:564  INFO 8712 --- [main] org.reflections.Reflections              : Reflections took 11 ms to scan 1 urls, producing 4 keys and 9 values 
18:47:25:574  INFO 8712 --- [main] org.reflections.Reflections              : Reflections took 7 ms to scan 1 urls, producing 3 keys and 10 values 
18:47:25:576  WARN 8712 --- [main] org.reflections.Reflections              : given scan urls are empty. set urls in the configuration
18:47:25:585  INFO 8712 --- [main] org.reflections.Reflections              : Reflections took 8 ms to scan 1 urls, producing 1 keys and 5 values 
18:47:25:596  INFO 8712 --- [main] org.reflections.Reflections              : Reflections took 8 ms to scan 1 urls, producing 1 keys and 7 values 
18:47:25:612  INFO 8712 --- [main] org.reflections.Reflections              : Reflections took 14 ms to scan 1 urls, producing 2 keys and 8 values 
18:47:25:615  WARN 8712 --- [main] org.reflections.Reflections              : given scan urls are empty. set urls in the configuration
18:47:25:616  INFO 8712 --- [main] com.alibaba.nacos.common.remote.client   : [3ff03a52-f8bb-4ab6-93b7-794378c9204d] RpcClient init label, labels = {module=naming, source=sdk}
18:47:25:618  INFO 8712 --- [main] com.alibaba.nacos.common.remote.client   : [3ff03a52-f8bb-4ab6-93b7-794378c9204d] RpcClient init, ServerListFactory = com.alibaba.nacos.client.naming.core.ServerListManager
18:47:25:618  INFO 8712 --- [main] com.alibaba.nacos.common.remote.client   : [3ff03a52-f8bb-4ab6-93b7-794378c9204d] Registry connection listener to current client:com.alibaba.nacos.client.naming.remote.gprc.redo.NamingGrpcRedoService
18:47:25:619  INFO 8712 --- [main] com.alibaba.nacos.common.remote.client   : [3ff03a52-f8bb-4ab6-93b7-794378c9204d] Register server push request handler:com.alibaba.nacos.client.naming.remote.gprc.NamingPushRequestHandler
18:47:25:620  INFO 8712 --- [main] com.alibaba.nacos.common.remote.client   : [3ff03a52-f8bb-4ab6-93b7-794378c9204d] Try to connect to server on start up, server: {serverIp = 'localhost', server main port = 8848}
18:47:26:420  INFO 8712 --- [main] com.alibaba.nacos.common.remote.client   : [3ff03a52-f8bb-4ab6-93b7-794378c9204d] Success to connect to server [localhost:8848] on start up, connectionId = 1739530046234_127.0.0.1_65484
18:47:26:421  INFO 8712 --- [com.alibaba.nacos.client.remote.worker] com.alibaba.nacos.common.remote.client   : [3ff03a52-f8bb-4ab6-93b7-794378c9204d] Notify connected event to listeners.
18:47:26:421  INFO 8712 --- [main] com.alibaba.nacos.common.remote.client   : [3ff03a52-f8bb-4ab6-93b7-794378c9204d] Register server push request handler:com.alibaba.nacos.common.remote.client.RpcClient$ConnectResetRequestHandler
18:47:26:422  INFO 8712 --- [main] com.alibaba.nacos.common.remote.client   : [3ff03a52-f8bb-4ab6-93b7-794378c9204d] Register server push request handler:com.alibaba.nacos.common.remote.client.RpcClient$$Lambda/0x0000023d9b862d48
18:47:26:488  INFO 8712 --- [main] o.s.b.w.embedded.tomcat.TomcatWebServer  : Tomcat started on port(s): 8081 (http) with context path ''
18:47:26:498  INFO 8712 --- [main] c.a.c.n.registry.NacosServiceRegistry    : nacos registry, DEFAULT_GROUP item-service 192.168.153.1:8081 register finished
18:47:26:504  INFO 8712 --- [main] d.s.w.p.DocumentationPluginsBootstrapper : Documentation plugins bootstrapped
18:47:26:506  INFO 8712 --- [main] d.s.w.p.DocumentationPluginsBootstrapper : Found 1 custom documentation plugin(s)
18:47:26:534  INFO 8712 --- [main] s.d.s.w.s.ApiListingReferenceScanner     : Scanning for api listing references
18:47:26:675  INFO 8712 --- [main] com.hmall.item.ItemApplication           : Started ItemApplication in 5.301 seconds (JVM running for 5.837)
18:47:27:009  INFO 8712 --- [nacos-grpc-client-executor-10] com.alibaba.nacos.common.remote.client   : [3ff03a52-f8bb-4ab6-93b7-794378c9204d] Receive server push request, request = NotifySubscriberRequest, requestId = 13
18:47:27:027  INFO 8712 --- [nacos-grpc-client-executor-10] com.alibaba.nacos.common.remote.client   : [3ff03a52-f8bb-4ab6-93b7-794378c9204d] Ack server push request, request = NotifySubscriberRequest, requestId = 13
18:48:36:494  INFO 8712 --- [http-nio-8081-exec-2] o.a.c.c.C.[Tomcat].[localhost].[/]       : Initializing Spring DispatcherServlet 'dispatcherServlet'
18:48:36:494  INFO 8712 --- [http-nio-8081-exec-2] o.s.web.servlet.DispatcherServlet        : Initializing Servlet 'dispatcherServlet'
18:48:36:496  INFO 8712 --- [http-nio-8081-exec-2] o.s.web.servlet.DispatcherServlet        : Completed initialization in 2 ms
18:48:36:564  WARN 8712 --- [http-nio-8081-exec-2] c.b.m.c.t.support.ReflectLambdaMeta      : Unable to make field private final java.lang.Class java.lang.invoke.SerializedLambda.capturingClass accessible: module java.base does not "opens java.lang.invoke" to unnamed module @491cc5c9
18:48:36:617  INFO 8712 --- [http-nio-8081-exec-2] com.zaxxer.hikari.HikariDataSource       : HikariPool-1 - Starting...
18:48:37:381  INFO 8712 --- [http-nio-8081-exec-2] com.zaxxer.hikari.HikariDataSource       : HikariPool-1 - Start completed.
18:48:37:389 DEBUG 8712 --- [http-nio-8081-exec-2] c.h.i.m.ItemMapper.selectPage_mpCount    : ==>  Preparing: SELECT COUNT(*) AS total FROM item WHERE (status = ?)
18:48:37:406 DEBUG 8712 --- [http-nio-8081-exec-2] c.h.i.m.ItemMapper.selectPage_mpCount    : ==> Parameters: 1(Integer)
18:48:37:514 DEBUG 8712 --- [http-nio-8081-exec-2] c.h.i.m.ItemMapper.selectPage_mpCount    : <==      Total: 1
18:48:37:527 DEBUG 8712 --- [http-nio-8081-exec-2] c.h.item.mapper.ItemMapper.selectPage    : ==>  Preparing: SELECT id, name, price, stock, image, category, brand, spec, sold, comment_count, isAD, status, create_time, update_time, creater, updater FROM item WHERE (status = ?) ORDER BY update_time DESC LIMIT ?
18:48:37:528 DEBUG 8712 --- [http-nio-8081-exec-2] c.h.item.mapper.ItemMapper.selectPage    : ==> Parameters: 1(Integer), 20(Long)
18:48:37:752 DEBUG 8712 --- [http-nio-8081-exec-2] c.h.item.mapper.ItemMapper.selectPage    : <==      Total: 20
18:49:17:703 DEBUG 8712 --- [http-nio-8081-exec-1] c.h.i.mapper.ItemMapper.selectBatchIds   : ==>  Preparing: SELECT id,name,price,stock,image,category,brand,spec,sold,comment_count,isAD,status,create_time,update_time,creater,updater FROM item WHERE id IN ( ? )
18:49:17:705 DEBUG 8712 --- [http-nio-8081-exec-1] c.h.i.mapper.ItemMapper.selectBatchIds   : ==> Parameters: 100000006163(Long)
18:49:17:735 DEBUG 8712 --- [http-nio-8081-exec-1] c.h.i.mapper.ItemMapper.selectBatchIds   : <==      Total: 1
18:49:52:861  WARN 8712 --- [Thread-4] c.a.nacos.common.notify.NotifyCenter     : [NotifyCenter] Start destroying Publisher
18:49:52:862  WARN 8712 --- [Thread-4] c.a.nacos.common.notify.NotifyCenter     : [NotifyCenter] Destruction of the end
18:49:52:878  WARN 8712 --- [Thread-7] c.a.n.common.http.HttpClientBeanHolder   : [HttpClientBeanHolder] Start destroying common HttpClient
18:49:52:880  WARN 8712 --- [Thread-7] c.a.n.common.http.HttpClientBeanHolder   : [HttpClientBeanHolder] Destruction of the end
18:49:52:925  INFO 8712 --- [SpringApplicationShutdownHook] c.a.c.n.registry.NacosServiceRegistry    : De-registering from Nacos Server now...
18:49:52:948  INFO 8712 --- [SpringApplicationShutdownHook] c.a.c.n.registry.NacosServiceRegistry    : De-registration finished.
18:49:53:276  INFO 8712 --- [SpringApplicationShutdownHook] com.alibaba.nacos.common.remote.client   : Shutdown rpc client, set status to shutdown
18:49:53:276  INFO 8712 --- [SpringApplicationShutdownHook] com.alibaba.nacos.common.remote.client   : Shutdown client event executor java.util.concurrent.ScheduledThreadPoolExecutor@5edd9b4f[Running, pool size = 2, active threads = 2, queued tasks = 0, completed tasks = 0]
18:49:53:276  INFO 8712 --- [SpringApplicationShutdownHook] com.alibaba.nacos.common.remote.client   : Close current connection 1739530046234_127.0.0.1_65484
18:49:53:278  INFO 8712 --- [nacos-grpc-client-executor-48] c.a.n.c.remote.client.grpc.GrpcClient    : [1739530046234_127.0.0.1_65484]Ignore complete event,isRunning:false,isAbandon=false
18:49:53:280  INFO 8712 --- [SpringApplicationShutdownHook] c.a.n.c.remote.client.grpc.GrpcClient    : Shutdown grpc executor java.util.concurrent.ThreadPoolExecutor@1b994617[Running, pool size = 6, active threads = 0, queued tasks = 0, completed tasks = 49]
18:49:53:283  INFO 8712 --- [SpringApplicationShutdownHook] com.zaxxer.hikari.HikariDataSource       : HikariPool-1 - Shutdown initiated...
18:49:53:582  INFO 8712 --- [SpringApplicationShutdownHook] com.zaxxer.hikari.HikariDataSource       : HikariPool-1 - Shutdown completed.
19:10:57:499  INFO 15080 --- [main] com.hmall.item.ItemApplication           : Starting ItemApplication using Java 22.0.2 on ChengZi with PID 15080 (E:\SpringCloud\hmall\item-service\target\classes started by 橙子 in E:\SpringCloud\hmall)
19:10:57:501 DEBUG 15080 --- [main] com.hmall.item.ItemApplication           : Running with Spring Boot v2.7.12, Spring v5.3.27
19:10:57:501  INFO 15080 --- [main] com.hmall.item.ItemApplication           : The following 1 profile is active: "local"
19:10:58:514  INFO 15080 --- [main] .s.d.r.c.RepositoryConfigurationDelegate : Multiple Spring Data modules found, entering strict repository configuration mode
19:10:58:517  INFO 15080 --- [main] .s.d.r.c.RepositoryConfigurationDelegate : Bootstrapping Spring Data Redis repositories in DEFAULT mode.
19:10:58:545  INFO 15080 --- [main] .s.d.r.c.RepositoryConfigurationDelegate : Finished Spring Data repository scanning in 9 ms. Found 0 Redis repository interfaces.
19:10:58:844  INFO 15080 --- [main] o.s.cloud.context.scope.GenericScope     : BeanFactory id=11b8e007-adcc-3976-a356-6589caec9f2f
19:10:59:483  INFO 15080 --- [main] o.s.b.w.embedded.tomcat.TomcatWebServer  : Tomcat initialized with port(s): 8081 (http)
19:10:59:485  INFO 15080 --- [main] o.a.catalina.core.AprLifecycleListener   : Loaded Apache Tomcat Native library [1.2.35] using APR version [1.7.0].
19:10:59:485  INFO 15080 --- [main] o.a.catalina.core.AprLifecycleListener   : APR capabilities: IPv6 [true], sendfile [true], accept filters [false], random [true], UDS [true].
19:10:59:485  INFO 15080 --- [main] o.a.catalina.core.AprLifecycleListener   : APR/OpenSSL configuration: useAprConnector [false], useOpenSSL [true]
19:10:59:489  INFO 15080 --- [main] o.a.catalina.core.AprLifecycleListener   : OpenSSL successfully initialized [OpenSSL 1.1.1q  5 Jul 2022]
19:10:59:502  INFO 15080 --- [main] o.apache.catalina.core.StandardService   : Starting service [Tomcat]
19:10:59:503  INFO 15080 --- [main] org.apache.catalina.core.StandardEngine  : Starting Servlet engine: [Apache Tomcat/9.0.75]
19:10:59:672  INFO 15080 --- [main] o.a.c.c.C.[Tomcat].[localhost].[/]       : Initializing Spring embedded WebApplicationContext
19:10:59:672  INFO 15080 --- [main] w.s.c.ServletWebServerApplicationContext : Root WebApplicationContext: initialization completed in 2124 ms
19:11:00:881  INFO 15080 --- [main] pertySourcedRequestMappingHandlerMapping : Mapped URL path [/v2/api-docs] onto method [springfox.documentation.swagger2.web.Swagger2ControllerWebMvc#getDocumentation(String, HttpServletRequest)]
19:11:01:503  INFO 15080 --- [main] com.alibaba.nacos.common.remote.client   : [RpcClientFactory] create a new rpc client of 731f3aee-e903-4e5a-92ce-feff16d3c27d
19:11:01:579  INFO 15080 --- [main] org.reflections.Reflections              : Reflections took 36 ms to scan 1 urls, producing 3 keys and 6 values 
19:11:01:614  INFO 15080 --- [main] org.reflections.Reflections              : Reflections took 16 ms to scan 1 urls, producing 4 keys and 9 values 
19:11:01:628  INFO 15080 --- [main] org.reflections.Reflections              : Reflections took 10 ms to scan 1 urls, producing 3 keys and 10 values 
19:11:01:630  WARN 15080 --- [main] org.reflections.Reflections              : given scan urls are empty. set urls in the configuration
19:11:01:640  INFO 15080 --- [main] org.reflections.Reflections              : Reflections took 9 ms to scan 1 urls, producing 1 keys and 5 values 
19:11:01:654  INFO 15080 --- [main] org.reflections.Reflections              : Reflections took 12 ms to scan 1 urls, producing 1 keys and 7 values 
19:11:01:664  INFO 15080 --- [main] org.reflections.Reflections              : Reflections took 6 ms to scan 1 urls, producing 2 keys and 8 values 
19:11:01:667  WARN 15080 --- [main] org.reflections.Reflections              : given scan urls are empty. set urls in the configuration
19:11:01:667  INFO 15080 --- [main] com.alibaba.nacos.common.remote.client   : [731f3aee-e903-4e5a-92ce-feff16d3c27d] RpcClient init label, labels = {module=naming, source=sdk}
19:11:01:669  INFO 15080 --- [main] com.alibaba.nacos.common.remote.client   : [731f3aee-e903-4e5a-92ce-feff16d3c27d] RpcClient init, ServerListFactory = com.alibaba.nacos.client.naming.core.ServerListManager
19:11:01:669  INFO 15080 --- [main] com.alibaba.nacos.common.remote.client   : [731f3aee-e903-4e5a-92ce-feff16d3c27d] Registry connection listener to current client:com.alibaba.nacos.client.naming.remote.gprc.redo.NamingGrpcRedoService
19:11:01:670  INFO 15080 --- [main] com.alibaba.nacos.common.remote.client   : [731f3aee-e903-4e5a-92ce-feff16d3c27d] Register server push request handler:com.alibaba.nacos.client.naming.remote.gprc.NamingPushRequestHandler
19:11:01:673  INFO 15080 --- [main] com.alibaba.nacos.common.remote.client   : [731f3aee-e903-4e5a-92ce-feff16d3c27d] Try to connect to server on start up, server: {serverIp = 'localhost', server main port = 8848}
19:11:02:458  INFO 15080 --- [main] com.alibaba.nacos.common.remote.client   : [731f3aee-e903-4e5a-92ce-feff16d3c27d] Success to connect to server [localhost:8848] on start up, connectionId = 1739531462248_127.0.0.1_52647
19:11:02:459  INFO 15080 --- [com.alibaba.nacos.client.remote.worker] com.alibaba.nacos.common.remote.client   : [731f3aee-e903-4e5a-92ce-feff16d3c27d] Notify connected event to listeners.
19:11:02:459  INFO 15080 --- [main] com.alibaba.nacos.common.remote.client   : [731f3aee-e903-4e5a-92ce-feff16d3c27d] Register server push request handler:com.alibaba.nacos.common.remote.client.RpcClient$ConnectResetRequestHandler
19:11:02:460  INFO 15080 --- [main] com.alibaba.nacos.common.remote.client   : [731f3aee-e903-4e5a-92ce-feff16d3c27d] Register server push request handler:com.alibaba.nacos.common.remote.client.RpcClient$$Lambda/0x000001a5818611e8
19:11:02:535  INFO 15080 --- [main] o.s.b.w.embedded.tomcat.TomcatWebServer  : Tomcat started on port(s): 8081 (http) with context path ''
19:11:02:547  INFO 15080 --- [main] c.a.c.n.registry.NacosServiceRegistry    : nacos registry, DEFAULT_GROUP item-service 192.168.153.1:8081 register finished
19:11:02:555  INFO 15080 --- [main] d.s.w.p.DocumentationPluginsBootstrapper : Documentation plugins bootstrapped
19:11:02:559  INFO 15080 --- [main] d.s.w.p.DocumentationPluginsBootstrapper : Found 1 custom documentation plugin(s)
19:11:02:589  INFO 15080 --- [main] s.d.s.w.s.ApiListingReferenceScanner     : Scanning for api listing references
19:11:02:724  INFO 15080 --- [main] com.hmall.item.ItemApplication           : Started ItemApplication in 5.898 seconds (JVM running for 6.643)
19:11:03:015  INFO 15080 --- [nacos-grpc-client-executor-8] com.alibaba.nacos.common.remote.client   : [731f3aee-e903-4e5a-92ce-feff16d3c27d] Receive server push request, request = NotifySubscriberRequest, requestId = 25
19:11:03:028  INFO 15080 --- [nacos-grpc-client-executor-8] com.alibaba.nacos.common.remote.client   : [731f3aee-e903-4e5a-92ce-feff16d3c27d] Ack server push request, request = NotifySubscriberRequest, requestId = 25
19:11:24:042  INFO 15080 --- [http-nio-8081-exec-1] o.a.c.c.C.[Tomcat].[localhost].[/]       : Initializing Spring DispatcherServlet 'dispatcherServlet'
19:11:24:043  INFO 15080 --- [http-nio-8081-exec-1] o.s.web.servlet.DispatcherServlet        : Initializing Servlet 'dispatcherServlet'
19:11:24:045  INFO 15080 --- [http-nio-8081-exec-1] o.s.web.servlet.DispatcherServlet        : Completed initialization in 2 ms
19:11:24:180  INFO 15080 --- [http-nio-8081-exec-1] com.zaxxer.hikari.HikariDataSource       : HikariPool-1 - Starting...
19:11:25:197  INFO 15080 --- [http-nio-8081-exec-1] com.zaxxer.hikari.HikariDataSource       : HikariPool-1 - Start completed.
19:11:25:212 DEBUG 15080 --- [http-nio-8081-exec-1] c.h.i.mapper.ItemMapper.selectBatchIds   : ==>  Preparing: SELECT id,name,price,stock,image,category,brand,spec,sold,comment_count,isAD,status,create_time,update_time,creater,updater FROM item WHERE id IN ( ? )
19:11:25:253 DEBUG 15080 --- [http-nio-8081-exec-1] c.h.i.mapper.ItemMapper.selectBatchIds   : ==> Parameters: 100000006163(Long)
19:11:25:351 DEBUG 15080 --- [http-nio-8081-exec-1] c.h.i.mapper.ItemMapper.selectBatchIds   : <==      Total: 1
19:11:27:369 DEBUG 15080 --- [http-nio-8081-exec-2] c.h.i.mapper.ItemMapper.selectBatchIds   : ==>  Preparing: SELECT id,name,price,stock,image,category,brand,spec,sold,comment_count,isAD,status,create_time,update_time,creater,updater FROM item WHERE id IN ( ? )
19:11:27:369 DEBUG 15080 --- [http-nio-8081-exec-2] c.h.i.mapper.ItemMapper.selectBatchIds   : ==> Parameters: 100000006163(Long)
19:11:27:399 DEBUG 15080 --- [http-nio-8081-exec-2] c.h.i.mapper.ItemMapper.selectBatchIds   : <==      Total: 1
19:12:44:635  WARN 15080 --- [http-nio-8081-exec-4] c.b.m.c.t.support.ReflectLambdaMeta      : Unable to make field private final java.lang.Class java.lang.invoke.SerializedLambda.capturingClass accessible: module java.base does not "opens java.lang.invoke" to unnamed module @5f3a4b84
19:12:44:727 DEBUG 15080 --- [http-nio-8081-exec-4] c.h.i.m.ItemMapper.selectPage_mpCount    : ==>  Preparing: SELECT COUNT(*) AS total FROM item WHERE (status = ?)
19:12:44:729 DEBUG 15080 --- [http-nio-8081-exec-4] c.h.i.m.ItemMapper.selectPage_mpCount    : ==> Parameters: 1(Integer)
19:12:44:797 DEBUG 15080 --- [http-nio-8081-exec-4] c.h.i.m.ItemMapper.selectPage_mpCount    : <==      Total: 1
19:12:44:805 DEBUG 15080 --- [http-nio-8081-exec-4] c.h.item.mapper.ItemMapper.selectPage    : ==>  Preparing: SELECT id, name, price, stock, image, category, brand, spec, sold, comment_count, isAD, status, create_time, update_time, creater, updater FROM item WHERE (status = ?) ORDER BY update_time DESC LIMIT ?
19:12:44:805 DEBUG 15080 --- [http-nio-8081-exec-4] c.h.item.mapper.ItemMapper.selectPage    : ==> Parameters: 1(Integer), 20(Long)
19:12:45:017 DEBUG 15080 --- [http-nio-8081-exec-4] c.h.item.mapper.ItemMapper.selectPage    : <==      Total: 20
19:13:54:403  WARN 15080 --- [Thread-4] c.a.nacos.common.notify.NotifyCenter     : [NotifyCenter] Start destroying Publisher
19:13:54:403  WARN 15080 --- [Thread-4] c.a.nacos.common.notify.NotifyCenter     : [NotifyCenter] Destruction of the end
19:13:54:409  WARN 15080 --- [Thread-7] c.a.n.common.http.HttpClientBeanHolder   : [HttpClientBeanHolder] Start destroying common HttpClient
19:13:54:410  WARN 15080 --- [Thread-7] c.a.n.common.http.HttpClientBeanHolder   : [HttpClientBeanHolder] Destruction of the end
19:13:54:474  INFO 15080 --- [SpringApplicationShutdownHook] c.a.c.n.registry.NacosServiceRegistry    : De-registering from Nacos Server now...
19:13:54:498  INFO 15080 --- [SpringApplicationShutdownHook] c.a.c.n.registry.NacosServiceRegistry    : De-registration finished.
19:13:54:821  INFO 15080 --- [SpringApplicationShutdownHook] com.alibaba.nacos.common.remote.client   : Shutdown rpc client, set status to shutdown
19:13:54:821  INFO 15080 --- [SpringApplicationShutdownHook] com.alibaba.nacos.common.remote.client   : Shutdown client event executor java.util.concurrent.ScheduledThreadPoolExecutor@3ddac0b6[Running, pool size = 2, active threads = 2, queued tasks = 0, completed tasks = 0]
19:13:54:821  INFO 15080 --- [SpringApplicationShutdownHook] com.alibaba.nacos.common.remote.client   : Close current connection 1739531462248_127.0.0.1_52647
19:13:54:823  INFO 15080 --- [nacos-grpc-client-executor-54] c.a.n.c.remote.client.grpc.GrpcClient    : [1739531462248_127.0.0.1_52647]Ignore complete event,isRunning:false,isAbandon=false
19:13:54:826  INFO 15080 --- [SpringApplicationShutdownHook] c.a.n.c.remote.client.grpc.GrpcClient    : Shutdown grpc executor java.util.concurrent.ThreadPoolExecutor@59929ac[Running, pool size = 7, active threads = 0, queued tasks = 0, completed tasks = 55]
19:13:54:831  INFO 15080 --- [SpringApplicationShutdownHook] com.zaxxer.hikari.HikariDataSource       : HikariPool-1 - Shutdown initiated...
19:13:55:132  INFO 15080 --- [SpringApplicationShutdownHook] com.zaxxer.hikari.HikariDataSource       : HikariPool-1 - Shutdown completed.
