22:03:35:997  INFO 14792 --- [main] com.hmall.user.UserApplication           : Starting UserApplication using Java 22.0.2 on ChengZi with PID 14792 (E:\SpringCloud\hmall\user-service\target\classes started by 橙子 in E:\SpringCloud\hmall)
22:03:36:001 DEBUG 14792 --- [main] com.hmall.user.UserApplication           : Running with Spring Boot v2.7.12, Spring v5.3.27
22:03:36:002  INFO 14792 --- [main] com.hmall.user.UserApplication           : The following 1 profile is active: "local"
22:03:36:997  INFO 14792 --- [main] .s.d.r.c.RepositoryConfigurationDelegate : Multiple Spring Data modules found, entering strict repository configuration mode
22:03:36:999  INFO 14792 --- [main] .s.d.r.c.RepositoryConfigurationDelegate : Bootstrapping Spring Data Redis repositories in DEFAULT mode.
22:03:37:027  INFO 14792 --- [main] .s.d.r.c.RepositoryConfigurationDelegate : Finished Spring Data repository scanning in 10 ms. Found 0 Redis repository interfaces.
22:03:37:231  INFO 14792 --- [main] o.s.cloud.context.scope.GenericScope     : BeanFactory id=16572a50-9f5d-33bf-94cd-be07189f6848
22:03:37:606  INFO 14792 --- [main] o.s.b.w.embedded.tomcat.TomcatWebServer  : Tomcat initialized with port(s): 8084 (http)
22:03:37:607  INFO 14792 --- [main] o.a.catalina.core.AprLifecycleListener   : Loaded Apache Tomcat Native library [1.2.35] using APR version [1.7.0].
22:03:37:607  INFO 14792 --- [main] o.a.catalina.core.AprLifecycleListener   : APR capabilities: IPv6 [true], sendfile [true], accept filters [false], random [true], UDS [true].
22:03:37:607  INFO 14792 --- [main] o.a.catalina.core.AprLifecycleListener   : APR/OpenSSL configuration: useAprConnector [false], useOpenSSL [true]
22:03:37:610  INFO 14792 --- [main] o.a.catalina.core.AprLifecycleListener   : OpenSSL successfully initialized [OpenSSL 1.1.1q  5 Jul 2022]
22:03:37:619  INFO 14792 --- [main] o.apache.catalina.core.StandardService   : Starting service [Tomcat]
22:03:37:620  INFO 14792 --- [main] org.apache.catalina.core.StandardEngine  : Starting Servlet engine: [Apache Tomcat/9.0.75]
22:03:37:729  INFO 14792 --- [main] o.a.c.c.C.[Tomcat].[localhost].[/]       : Initializing Spring embedded WebApplicationContext
22:03:37:731  INFO 14792 --- [main] w.s.c.ServletWebServerApplicationContext : Root WebApplicationContext: initialization completed in 1616 ms
22:03:39:159  INFO 14792 --- [main] pertySourcedRequestMappingHandlerMapping : Mapped URL path [/v2/api-docs] onto method [springfox.documentation.swagger2.web.Swagger2ControllerWebMvc#getDocumentation(String, HttpServletRequest)]
22:03:39:657  INFO 14792 --- [main] com.alibaba.nacos.common.remote.client   : [RpcClientFactory] create a new rpc client of 63610a30-1f4a-4d70-bdb4-1851df1b8ca0
22:03:39:721  INFO 14792 --- [main] org.reflections.Reflections              : Reflections took 30 ms to scan 1 urls, producing 3 keys and 6 values 
22:03:39:747  INFO 14792 --- [main] org.reflections.Reflections              : Reflections took 10 ms to scan 1 urls, producing 4 keys and 9 values 
22:03:39:756  INFO 14792 --- [main] org.reflections.Reflections              : Reflections took 7 ms to scan 1 urls, producing 3 keys and 10 values 
22:03:39:759  WARN 14792 --- [main] org.reflections.Reflections              : given scan urls are empty. set urls in the configuration
22:03:39:766  INFO 14792 --- [main] org.reflections.Reflections              : Reflections took 7 ms to scan 1 urls, producing 1 keys and 5 values 
22:03:39:778  INFO 14792 --- [main] org.reflections.Reflections              : Reflections took 10 ms to scan 1 urls, producing 1 keys and 7 values 
22:03:39:786  INFO 14792 --- [main] org.reflections.Reflections              : Reflections took 6 ms to scan 1 urls, producing 2 keys and 8 values 
22:03:39:788  WARN 14792 --- [main] org.reflections.Reflections              : given scan urls are empty. set urls in the configuration
22:03:39:789  INFO 14792 --- [main] com.alibaba.nacos.common.remote.client   : [63610a30-1f4a-4d70-bdb4-1851df1b8ca0] RpcClient init label, labels = {module=naming, source=sdk}
22:03:39:790  INFO 14792 --- [main] com.alibaba.nacos.common.remote.client   : [63610a30-1f4a-4d70-bdb4-1851df1b8ca0] RpcClient init, ServerListFactory = com.alibaba.nacos.client.naming.core.ServerListManager
22:03:39:790  INFO 14792 --- [main] com.alibaba.nacos.common.remote.client   : [63610a30-1f4a-4d70-bdb4-1851df1b8ca0] Registry connection listener to current client:com.alibaba.nacos.client.naming.remote.gprc.redo.NamingGrpcRedoService
22:03:39:791  INFO 14792 --- [main] com.alibaba.nacos.common.remote.client   : [63610a30-1f4a-4d70-bdb4-1851df1b8ca0] Register server push request handler:com.alibaba.nacos.client.naming.remote.gprc.NamingPushRequestHandler
22:03:39:792  INFO 14792 --- [main] com.alibaba.nacos.common.remote.client   : [63610a30-1f4a-4d70-bdb4-1851df1b8ca0] Try to connect to server on start up, server: {serverIp = '127.0.0.1', server main port = 8848}
22:03:40:469  INFO 14792 --- [main] com.alibaba.nacos.common.remote.client   : [63610a30-1f4a-4d70-bdb4-1851df1b8ca0] Success to connect to server [127.0.0.1:8848] on start up, connectionId = 1739628220264_127.0.0.1_49202
22:03:40:477  INFO 14792 --- [com.alibaba.nacos.client.remote.worker] com.alibaba.nacos.common.remote.client   : [63610a30-1f4a-4d70-bdb4-1851df1b8ca0] Notify connected event to listeners.
22:03:40:477  INFO 14792 --- [main] com.alibaba.nacos.common.remote.client   : [63610a30-1f4a-4d70-bdb4-1851df1b8ca0] Register server push request handler:com.alibaba.nacos.common.remote.client.RpcClient$ConnectResetRequestHandler
22:03:40:477  INFO 14792 --- [main] com.alibaba.nacos.common.remote.client   : [63610a30-1f4a-4d70-bdb4-1851df1b8ca0] Register server push request handler:com.alibaba.nacos.common.remote.client.RpcClient$$Lambda/0x0000015f818c42a8
22:03:40:620  INFO 14792 --- [main] o.s.b.w.embedded.tomcat.TomcatWebServer  : Tomcat started on port(s): 8084 (http) with context path ''
22:03:40:644  INFO 14792 --- [main] c.a.c.n.registry.NacosServiceRegistry    : nacos registry, DEFAULT_GROUP user-service 192.168.153.1:8084 register finished
22:03:40:659  INFO 14792 --- [main] d.s.w.p.DocumentationPluginsBootstrapper : Documentation plugins bootstrapped
22:03:40:666  INFO 14792 --- [main] d.s.w.p.DocumentationPluginsBootstrapper : Found 1 custom documentation plugin(s)
22:03:40:695  INFO 14792 --- [main] s.d.s.w.s.ApiListingReferenceScanner     : Scanning for api listing references
22:03:40:868  INFO 14792 --- [main] com.hmall.user.UserApplication           : Started UserApplication in 5.43 seconds (JVM running for 6.403)
22:03:41:116  INFO 14792 --- [nacos-grpc-client-executor-8] com.alibaba.nacos.common.remote.client   : [63610a30-1f4a-4d70-bdb4-1851df1b8ca0] Receive server push request, request = NotifySubscriberRequest, requestId = 9
22:03:41:130  INFO 14792 --- [nacos-grpc-client-executor-8] com.alibaba.nacos.common.remote.client   : [63610a30-1f4a-4d70-bdb4-1851df1b8ca0] Ack server push request, request = NotifySubscriberRequest, requestId = 9
22:04:05:770  WARN 14792 --- [Thread-4] c.a.nacos.common.notify.NotifyCenter     : [NotifyCenter] Start destroying Publisher
22:04:05:770  WARN 14792 --- [Thread-7] c.a.n.common.http.HttpClientBeanHolder   : [HttpClientBeanHolder] Start destroying common HttpClient
22:04:05:770  WARN 14792 --- [Thread-4] c.a.nacos.common.notify.NotifyCenter     : [NotifyCenter] Destruction of the end
22:04:05:770  WARN 14792 --- [Thread-7] c.a.n.common.http.HttpClientBeanHolder   : [HttpClientBeanHolder] Destruction of the end
22:04:05:809  INFO 14792 --- [SpringApplicationShutdownHook] c.a.c.n.registry.NacosServiceRegistry    : De-registering from Nacos Server now...
22:04:05:813  INFO 14792 --- [SpringApplicationShutdownHook] c.a.c.n.registry.NacosServiceRegistry    : De-registration finished.
22:04:06:134  INFO 14792 --- [SpringApplicationShutdownHook] com.alibaba.nacos.common.remote.client   : Shutdown rpc client, set status to shutdown
22:04:06:134  INFO 14792 --- [SpringApplicationShutdownHook] com.alibaba.nacos.common.remote.client   : Shutdown client event executor java.util.concurrent.ScheduledThreadPoolExecutor@3fe5ad73[Running, pool size = 2, active threads = 2, queued tasks = 0, completed tasks = 0]
22:04:06:134  INFO 14792 --- [SpringApplicationShutdownHook] com.alibaba.nacos.common.remote.client   : Close current connection 1739628220264_127.0.0.1_49202
22:04:06:136  INFO 14792 --- [nacos-grpc-client-executor-18] c.a.n.c.remote.client.grpc.GrpcClient    : [1739628220264_127.0.0.1_49202]Ignore complete event,isRunning:false,isAbandon=false
22:04:06:139  INFO 14792 --- [SpringApplicationShutdownHook] c.a.n.c.remote.client.grpc.GrpcClient    : Shutdown grpc executor java.util.concurrent.ThreadPoolExecutor@f5167f0[Running, pool size = 7, active threads = 0, queued tasks = 0, completed tasks = 19]
